<?xml version="1.0" encoding="UTF-8"?>
<!-- Generated by org.testng.reporters.JUnitReportReporter -->
<testsuite hostname="DESKTOP-38UU64V" failures="0" tests="2" name="endtoEndMaven.tests.EndtoEndPageObject" time="15.969" errors="0" timestamp="2025-03-03T15:45:13 EET" skipped="0">
  <testcase classname="endtoEndMaven.tests.EndtoEndPageObject" name="submitOrder" time="7.676"/>
  <system-out/>
  <testcase classname="endtoEndMaven.tests.EndtoEndPageObject" name="submitOrder" time="8.293"/>
  <system-out/>
</testsuite> <!-- endtoEndMaven.tests.EndtoEndPageObject -->
