<?xml version="1.0" encoding="UTF-8"?>
<!-- Generated by org.testng.reporters.JUnitReportReporter -->
<testsuite hostname="DESKTOP-38UU64V" failures="0" tests="2" name="endtoEndMaven.tests.ErrorValidations" time="13.973" errors="0" timestamp="2025-03-03T15:42:17 EET" skipped="0">
  <testcase classname="endtoEndMaven.tests.ErrorValidations" name="cardcheck" time="5.793"/>
  <system-out/>
  <testcase classname="endtoEndMaven.tests.ErrorValidations" name="LoginErrorValidation" time="8.180"/>
  <system-out/>
</testsuite> <!-- endtoEndMaven.tests.ErrorValidations -->
